Performing C SOURCE FILE Test CMAKE_HAVE_LIBC_PTHREAD failed with the following output:
Change Dir: /home/preston/Documents/VkCSetup/build/CMakeFiles/CMakeTmp

Run Build Command(s):/usr/bin/ninja cmTC_134ba && [1/2  50% :: 0.026] Building C object CMakeFiles/cmTC_134ba.dir/src.c.o
[2/2 100% :: 0.050] Linking C executable cmTC_134ba
FAILED: cmTC_134ba 
: && /usr/bin/gcc   CMakeFiles/cmTC_134ba.dir/src.c.o -o cmTC_134ba   && :
/usr/bin/ld: CMakeFiles/cmTC_134ba.dir/src.c.o: in function `main':
src.c:(.text+0x3e): undefined reference to `pthread_create'
/usr/bin/ld: src.c:(.text+0x4a): undefined reference to `pthread_detach'
/usr/bin/ld: src.c:(.text+0x56): undefined reference to `pthread_cancel'
/usr/bin/ld: src.c:(.text+0x67): undefined reference to `pthread_join'
collect2: error: ld returned 1 exit status
ninja: build stopped: subcommand failed.


Source file was:
#include <pthread.h>

static void* test_func(void* data)
{
  return data;
}

int main(void)
{
  pthread_t thread;
  pthread_create(&thread, NULL, test_func, NULL);
  pthread_detach(thread);
  pthread_cancel(thread);
  pthread_join(thread, NULL);
  pthread_atfork(NULL, NULL, NULL);
  pthread_exit(NULL);

  return 0;
}

Determining if the function pthread_create exists in the pthreads failed with the following output:
Change Dir: /home/preston/Documents/VkCSetup/build/CMakeFiles/CMakeTmp

Run Build Command(s):/usr/bin/ninja cmTC_0932f && [1/2  50% :: 0.018] Building C object CMakeFiles/cmTC_0932f.dir/CheckFunctionExists.c.o
[2/2 100% :: 0.028] Linking C executable cmTC_0932f
FAILED: cmTC_0932f 
: && /usr/bin/gcc -DCHECK_FUNCTION_EXISTS=pthread_create  CMakeFiles/cmTC_0932f.dir/CheckFunctionExists.c.o -o cmTC_0932f  -lpthreads && :
/usr/bin/ld: cannot find -lpthreads
collect2: error: ld returned 1 exit status
ninja: build stopped: subcommand failed.



